# JRE version: Java(TM) SE Runtime Environment (9.0+11) (build 9.0.4+11)
# Java VM: Java HotSpot(TM) 64-Bit Server VM (9.0.4+11, mixed mode, tiered, compressed oops, g1 gc, windows-amd64)
Heap:
 garbage-first heap   total 351232K, used 124499K [0x0000000700000000, 0x0000000700100ab8, 0x00000007c0000000)
  region size 1024K, 10 young (10240K), 1 survivors (1024K)
 Metaspace       used 89015K, capacity 91592K, committed 98048K, reserved 1134592K
  class space    used 11463K, capacity 11968K, committed 13312K, reserved 1048576K
GC Heap History (10 events):
Event: 98685.623 GC heap before
{Heap before GC invocations=4422 (full 1724):
 garbage-first heap   total 351232K, used 195749K [0x0000000700000000, 0x0000000700100ab8, 0x00000007c0000000)
  region size 1024K, 60 young (61440K), 1 survivors (1024K)
 Metaspace       used 89010K, capacity 91592K, committed 98048K, reserved 1134592K
  class space    used 11463K, capacity 11968K, committed 13312K, reserved 1048576K
}
Event: 98685.625 GC heap after
{Heap after GC invocations=4423 (full 1724):
 garbage-first heap   total 351232K, used 124298K [0x0000000700000000, 0x0000000700100ab8, 0x00000007c0000000)
  region size 1024K, 1 young (1024K), 1 survivors (1024K)
 Metaspace       used 89010K, capacity 91592K, committed 98048K, reserved 1134592K
  class space    used 11463K, capacity 11968K, committed 13312K, reserved 1048576K
}
Event: 98697.307 GC heap before
{Heap before GC invocations=4423 (full 1724):
 garbage-first heap   total 351232K, used 184714K [0x0000000700000000, 0x0000000700100ab8, 0x00000007c0000000)
  region size 1024K, 60 young (61440K), 1 survivors (1024K)
 Metaspace       used 89013K, capacity 91592K, committed 98048K, reserved 1134592K
  class space    used 11463K, capacity 11968K, committed 13312K, reserved 1048576K
}
Event: 98697.310 GC heap after
{Heap after GC invocations=4424 (full 1724):
 garbage-first heap   total 351232K, used 124066K [0x0000000700000000, 0x0000000700100ab8, 0x00000007c0000000)
  region size 1024K, 1 young (1024K), 1 survivors (1024K)
 Metaspace       used 89013K, capacity 91592K, committed 98048K, reserved 1134592K
  class space    used 11463K, capacity 11968K, committed 13312K, reserved 1048576K
}
Event: 98710.757 GC heap before
{Heap before GC invocations=4424 (full 1724):
 garbage-first heap   total 351232K, used 170146K [0x0000000700000000, 0x0000000700100ab8, 0x00000007c0000000)
  region size 1024K, 47 young (48128K), 1 survivors (1024K)
 Metaspace       used 89013K, capacity 91592K, committed 98048K, reserved 1134592K
  class space    used 11463K, capacity 11968K, committed 13312K, reserved 1048576K
}
Event: 98710.981 GC heap after
{Heap after GC invocations=4425 (full 1725):
 garbage-first heap   total 351232K, used 115302K [0x0000000700000000, 0x0000000700100ab8, 0x00000007c0000000)
  region size 1024K, 0 young (0K), 0 survivors (0K)
 Metaspace       used 89013K, capacity 91592K, committed 98048K, reserved 1134592K
  class space    used 11463K, capacity 11968K, committed 13312K, reserved 1048576K
}
Event: 98722.426 GC heap before
{Heap before GC invocations=4425 (full 1725):
 garbage-first heap   total 351232K, used 176742K [0x0000000700000000, 0x0000000700100ab8, 0x00000007c0000000)
  region size 1024K, 60 young (61440K), 0 survivors (0K)
 Metaspace       used 89015K, capacity 91592K, committed 98048K, reserved 1134592K
  class space    used 11463K, capacity 11968K, committed 13312K, reserved 1048576K
}
Event: 98722.428 GC heap after
{Heap after GC invocations=4426 (full 1725):
 garbage-first heap   total 351232K, used 115896K [0x0000000700000000, 0x0000000700100ab8, 0x00000007c0000000)
  region size 1024K, 1 young (1024K), 1 survivors (1024K)
 Metaspace       used 89015K, capacity 91592K, committed 98048K, reserved 1134592K
  class space    used 11463K, capacity 11968K, committed 13312K, reserved 1048576K
}
Event: 98727.792 GC heap before
{Heap before GC invocations=4426 (full 1725):
 garbage-first heap   total 351232K, used 176312K [0x0000000700000000, 0x0000000700100ab8, 0x00000007c0000000)
  region size 1024K, 60 young (61440K), 1 survivors (1024K)
 Metaspace       used 89015K, capacity 91592K, committed 98048K, reserved 1134592K
  class space    used 11463K, capacity 11968K, committed 13312K, reserved 1048576K
}
Event: 98727.794 GC heap after
{Heap after GC invocations=4427 (full 1725):
 garbage-first heap   total 351232K, used 116307K [0x0000000700000000, 0x0000000700100ab8, 0x00000007c0000000)
  region size 1024K, 1 young (1024K), 1 survivors (1024K)
 Metaspace       used 89015K, capacity 91592K, committed 98048K, reserved 1134592K
  class space    used 11463K, capacity 11968K, committed 13312K, reserved 1048576K
}

